<?xml version="1.0" encoding="UTF-8"?>
<!-- Generated by org.testng.reporters.JUnitXMLReporter -->
<testsuite hostname="HP" ignored="0" name="demo suite" tests="6" failures="0" timestamp="20 Apr 2020 07:21:24 GMT" time="115.863" errors="0">
  <testcase name="TC001_VerifyMinCardNumberAndCategory" time="6.092" classname="po.testcases.GobearAssignment"/>
  <testcase name="TC002_VerifyInsurerFilter" time="7.579" classname="po.testcases.GobearAssignment"/>
  <testcase name="TC003_VerifySortPriceHighToLow" time="8.149" classname="po.testcases.GobearAssignment"/>
  <testcase name="TC004_VerifyRangeOption" time="20.651" classname="po.testcases.GobearAssignment"/>
  <testcase name="TC005_VerifyDestinationFilter" time="10.918" classname="po.testcases.GobearAssignment"/>
  <testcase name="TC006_VerifyDateFilter" time="25.59" classname="po.testcases.GobearAssignment"/>
</testsuite> <!-- demo suite -->
