<?xml version="1.0" encoding="UTF-8"?>
<testsuite xmlns:xsi="http://www.w3.org/2001/XMLSchema-instance" xsi:noNamespaceSchemaLocation="https://maven.apache.org/surefire/maven-surefire-plugin/xsd/surefire-test-report.xsd" name="TestSuite" time="117.223" tests="6" errors="0" skipped="0" failures="0">
  <properties>
[...]
</properties>
  <testcase name="TC001_VerifyMinCardNumberAndCategory" classname="po.testcases.GobearAssignment" time="6.092"/>
  <testcase name="TC002_VerifyInsurerFilter" classname="po.testcases.GobearAssignment" time="7.58"/>
  <testcase name="TC003_VerifySortPriceHighToLow" classname="po.testcases.GobearAssignment" time="8.148"/>
  <testcase name="TC004_VerifyRangeOption" classname="po.testcases.GobearAssignment" time="20.645"/>
  <testcase name="TC005_VerifyDestinationFilter" classname="po.testcases.GobearAssignment" time="10.917"/>
  <testcase name="TC006_VerifyDateFilter" classname="po.testcases.GobearAssignment" time="25.587"/>
</testsuite>